\BOOKMARK [1][]{section.1}{Introducci\363n}{}% 1
\BOOKMARK [1][]{section.2}{Antecedentes}{}% 2
\BOOKMARK [2][]{subsection.2.1}{Antecedentes de la Seguridad Social en el Mundo}{section.2}% 3
\BOOKMARK [2][]{subsection.2.2}{Antecendetes de la Seguridad Social en Guatemala}{section.2}% 4
\BOOKMARK [2][]{subsection.2.3}{Antecedentes del Plan de Prestaciones de los Trabajadores al Servicio del Instituto Guatemalteco de Seguridad Social \(IGSS\)}{section.2}% 5
\BOOKMARK [1][]{section.3}{Generalidades}{}% 6
\BOOKMARK [1][]{section.4}{Las Prestaciones del Plan}{}% 7
\BOOKMARK [2][]{subsection.4.1}{Invalidez}{section.4}% 8
\BOOKMARK [2][]{subsection.4.2}{Vejez}{section.4}% 9
\BOOKMARK [2][]{subsection.4.3}{Sobrevivencia}{section.4}% 10
\BOOKMARK [2][]{subsection.4.4}{Asignaci\363n \332nica}{section.4}% 11
\BOOKMARK [2][]{subsection.4.5}{Cuota Mortuoria}{section.4}% 12
\BOOKMARK [1][]{section.5}{Las Contribuciones}{}% 13
\BOOKMARK [2][]{subsection.5.1}{Salario Mensual del Trabajador}{section.5}% 14
\BOOKMARK [2][]{subsection.5.2}{Las Cuotas}{section.5}% 15
\BOOKMARK [1][]{section.6}{La Reserva Matem\341tica \(RM\)}{}% 16
\BOOKMARK [2][]{subsection.6.1}{C\341lculo del Valor Presente de la RM del Plan}{section.6}% 17
\BOOKMARK [3][]{subsubsection.6.1.1}{Valor Presente Esperado de Las Contribuciones \(VPE\(C\)\)}{subsection.6.1}% 18
\BOOKMARK [3][]{subsubsection.6.1.2}{Valor Presente Esperado de La Pensi\363n por Invalidez \(VPE\(I\)\)}{subsection.6.1}% 19
\BOOKMARK [3][]{subsubsection.6.1.3}{Valor Presente Esperado de La Pensi\363n por Vejez \(VPE\(J\)\)}{subsection.6.1}% 20
\BOOKMARK [3][]{subsubsection.6.1.4}{Valor Presente Esperado de La Pensi\363n por Supervivencia \(VPE\(S\)\)}{subsection.6.1}% 21
\BOOKMARK [3][]{subsubsection.6.1.5}{Valor Presente Esperado de La Asignaci\363n \332nica\(VPE\(AU\)\)}{subsection.6.1}% 22
\BOOKMARK [3][]{subsubsection.6.1.6}{Valor Presente Esperado de La Cuota Mortuoria \(VPE\(CM\)\)}{subsection.6.1}% 23
\BOOKMARK [1][]{section.7}{El Flujo de Efectivo}{}% 24
\BOOKMARK [1][]{section.8}{F\363rmulas Actuariales}{}% 25
